Application/build/intermediates/manifest_merge_blame_file/debug/manifest-merger-blame-debug-report.txt
1<?xml version="1.0" encoding="utf-8"?>
2<manifest xmlns:android="http://schemas.android.com/apk/res/android"
3    package="com.lk6.simpleworkprofile"
4    android:versionCode="1"
5    android:versionName="1.0" >
6
7    <uses-sdk
8        android:minSdkVersion="21"
8-->src/main/AndroidManifest.xml
9        android:targetSdkVersion="29" />
9-->src/main/AndroidManifest.xml
10
11    <uses-permission android:name="android.permission.READ_PHONE_STATE" />
11-->src/main/AndroidManifest.xml:8:5-75
11-->src/main/AndroidManifest.xml:8:22-72
12
13    <application
13-->src/main/AndroidManifest.xml:10:5-47:19
14        android:allowBackup="true"
14-->src/main/AndroidManifest.xml:11:9-35
15        android:appComponentFactory="androidx.core.app.CoreComponentFactory"
15-->[androidx.core:core:1.1.0] AndroidManifest.xml:24:18-86
16        android:debuggable="true"
17        android:icon="@mipmap/ic_launcher"
17-->src/main/AndroidManifest.xml:12:9-43
18        android:label="@string/app_name"
18-->src/main/AndroidManifest.xml:13:9-41
19        android:testOnly="true"
20        android:theme="@style/AppTheme" >
20-->src/main/AndroidManifest.xml:14:9-40
21        <activity android:name="com.lk6.simpleworkprofile.WorkProfileWithLoadingActivity" />
21-->src/main/AndroidManifest.xml:16:9-77
21-->src/main/AndroidManifest.xml:16:19-65
22        <activity
22-->src/main/AndroidManifest.xml:17:9-26:20
23            android:name="com.lk6.simpleworkprofile.WorkProfileActivity"
23-->src/main/AndroidManifest.xml:18:13-48
24            android:label="@string/app_name" >
24-->src/main/AndroidManifest.xml:19:13-45
25            <intent-filter>
25-->src/main/AndroidManifest.xml:20:13-25:29
26                <action android:name="android.intent.action.MAIN" />
26-->src/main/AndroidManifest.xml:21:17-69
26-->src/main/AndroidManifest.xml:21:25-66
27                <action android:name="com.lk6.simpleworkprofile.ACTION_HOMELAUNCHER" />
27-->src/main/AndroidManifest.xml:22:17-88
27-->src/main/AndroidManifest.xml:22:25-85
28
29                <category android:name="android.intent.category.LAUNCHER" />
29-->src/main/AndroidManifest.xml:24:17-77
29-->src/main/AndroidManifest.xml:24:27-74
30            </intent-filter>
31        </activity>
32        <!-- <activity -->
33        <!-- android:name=".ProvisioningSuccessActivity" -->
34        <!-- android:label="@string/app_name"> -->
35        <!-- <intent-filter> -->
36        <!-- <action android:name="android.app.action.PROVISIONING_SUCCESSFUL" /> -->
37        <!-- <category android:name="android.intent.category.DEFAULT" /> -->
38        <!-- </intent-filter> -->
39        <!-- </activity> -->
40        <receiver
40-->src/main/AndroidManifest.xml:35:9-46:20
41            android:name="com.lk6.simpleworkprofile.BasicDeviceAdminReceiver"
41-->src/main/AndroidManifest.xml:36:13-53
42            android:description="@string/app_name"
42-->src/main/AndroidManifest.xml:37:13-51
43            android:label="@string/app_name"
43-->src/main/AndroidManifest.xml:38:13-45
44            android:permission="android.permission.BIND_DEVICE_ADMIN" >
44-->src/main/AndroidManifest.xml:39:13-70
45            <meta-data
45-->src/main/AndroidManifest.xml:40:13-42:71
46                android:name="android.app.device_admin"
46-->src/main/AndroidManifest.xml:41:17-56
47                android:resource="@xml/basic_device_admin_receiver" />
47-->src/main/AndroidManifest.xml:42:17-68
48
49            <intent-filter>
49-->src/main/AndroidManifest.xml:43:13-45:29
50                <action android:name="android.app.action.DEVICE_ADMIN_ENABLED" />
50-->src/main/AndroidManifest.xml:44:17-82
50-->src/main/AndroidManifest.xml:44:25-79
51            </intent-filter>
52        </receiver>
53    </application>
54
55</manifest>